<?xml version="1.0" encoding="UTF-8" ?>
<test-configuration>
	<database>
		<testdb>
			<local>
				<hibernateDialect>org.hibernate.dialect.MySQL5Dialect</hibernateDialect>
				<driver/>
				<user/>
				<password/>
				<url/>
				<pool>
					<minPoolSize>1</minPoolSize>
					<maxPoolSize>1</maxPoolSize>
					<maxStatements>1</maxStatements>
					<checkoutTimeout>1</checkoutTimeout>
				</pool>
				
			</local>
			<test>
				<hibernateDialect>org.hibernate.dialect.H2Dialect</hibernateDialect>
				<driver>org.h2.Driver</driver>
				<user>sa</user>
				<password></password>
				<url><![CDATA[jdbc:h2:mem:testw]]></url>
				<validityQuery>SELECT 1</validityQuery>
				<pool>
					<minPoolSize>2</minPoolSize>
					<maxPoolSize>10</maxPoolSize>
					<maxStatements>5</maxStatements>
					<checkoutTimeout>60000</checkoutTimeout>
				</pool>
				<hbm2dllauto>create</hbm2dllauto>
			</test>
			<prod>
				<hibernateDialect>org.hibernate.dialect.MySQL5Dialect</hibernateDialect>
				<driver/>
				<user/>
				<password/>
				<url/>
				<pool>
					<minPoolSize>1</minPoolSize>
					<maxPoolSize>1</maxPoolSize>
					<maxStatements>1</maxStatements>
					<checkoutTimeout>1</checkoutTimeout>
				</pool>
			</prod>
			
		</testdb>


	</database>
</test-configuration>